<?xml version="1.0" encoding="UTF-8"?>
<!-- Generated by org.testng.reporters.JUnitReportReporter -->
<testsuite hostname="DESKTOP-CJA0QNI" failures="0" tests="2" name="com.dhl.runner.RunnerTest" time="106.954" errors="0" timestamp="2023-11-03T09:58:20 GMT" skipped="0">
  <testcase classname="com.dhl.runner.RunnerTest" name="runScenario" time="21.841"/>
  <testcase classname="com.dhl.runner.RunnerTest" name="runScenario" time="85.113"/>
</testsuite> <!-- com.dhl.runner.RunnerTest -->
